2025-04-03 20:19:12.539 +05:30 [INF] User profile is available. Using 'C:\Users\PROGRAMMER2\AppData\Local\ASP.NET\DataProtection-Keys' as key repository and Windows DPAPI to encrypt keys at rest.
2025-04-03 20:19:13.078 +05:30 [INF] Application started. Press Ctrl+C to shut down.
2025-04-03 20:19:13.080 +05:30 [INF] Hosting environment: Development
2025-04-03 20:19:13.081 +05:30 [INF] Content root path: D:\ApiProjectTaskManagement\ApiProjectTaskManagement
2025-04-03 20:19:13.122 +05:30 [INF] Request starting HTTP/2 GET https://localhost:44304/ - -
2025-04-03 20:19:13.155 +05:30 [INF] Executing endpoint 'ApiProjectTaskManagement.Controllers.HomeController.Index (ApiProjectTaskManagement)'
2025-04-03 20:19:13.207 +05:30 [INF] Route matched with {action = "Index", controller = "Home"}. Executing controller action with signature Microsoft.AspNetCore.Mvc.IActionResult Index() on controller ApiProjectTaskManagement.Controllers.HomeController (ApiProjectTaskManagement).
2025-04-03 20:19:13.232 +05:30 [INF] Executing ViewResult, running view Index.
2025-04-03 20:19:13.390 +05:30 [INF] Executed ViewResult - view Index executed in 161.3237ms.
2025-04-03 20:19:13.393 +05:30 [INF] Executed action ApiProjectTaskManagement.Controllers.HomeController.Index (ApiProjectTaskManagement) in 184.972ms
2025-04-03 20:19:13.393 +05:30 [INF] Executed endpoint 'ApiProjectTaskManagement.Controllers.HomeController.Index (ApiProjectTaskManagement)'
2025-04-03 20:19:13.399 +05:30 [INF] Request starting HTTP/2 GET https://localhost:44304/css/site.css - -
2025-04-03 20:19:13.399 +05:30 [INF] Request starting HTTP/2 GET https://localhost:44304/lib/jquery/dist/jquery.min.js - -
2025-04-03 20:19:13.399 +05:30 [INF] Request starting HTTP/2 GET https://localhost:44304/lib/bootstrap/dist/css/bootstrap.min.css - -
2025-04-03 20:19:13.399 +05:30 [INF] Request starting HTTP/2 GET https://localhost:44304/js/site.js?v=4q1jwFhaPaZgr8WAUSrux6hAuh0XDg9kPS3xIVq36I0 - -
2025-04-03 20:19:13.404 +05:30 [INF] Request starting HTTP/2 GET https://localhost:44304/lib/bootstrap/dist/js/bootstrap.bundle.min.js - -
2025-04-03 20:19:13.409 +05:30 [INF] Request finished HTTP/2 GET https://localhost:44304/ - - - 200 - text/html;+charset=utf-8 289.2620ms
2025-04-03 20:19:13.410 +05:30 [INF] The file /css/site.css was not modified
2025-04-03 20:19:13.410 +05:30 [INF] The file /lib/jquery/dist/jquery.min.js was not modified
2025-04-03 20:19:13.410 +05:30 [INF] The file /js/site.js was not modified
2025-04-03 20:19:13.410 +05:30 [INF] The file /lib/bootstrap/dist/css/bootstrap.min.css was not modified
2025-04-03 20:19:13.410 +05:30 [INF] The file /lib/bootstrap/dist/js/bootstrap.bundle.min.js was not modified
2025-04-03 20:19:13.414 +05:30 [INF] Request finished HTTP/2 GET https://localhost:44304/lib/bootstrap/dist/css/bootstrap.min.css - - - 304 - text/css 14.2360ms
2025-04-03 20:19:13.414 +05:30 [INF] Request finished HTTP/2 GET https://localhost:44304/lib/bootstrap/dist/js/bootstrap.bundle.min.js - - - 304 - application/javascript 10.3989ms
2025-04-03 20:19:13.415 +05:30 [INF] Request finished HTTP/2 GET https://localhost:44304/css/site.css - - - 304 - text/css 15.6298ms
2025-04-03 20:19:13.415 +05:30 [INF] Request finished HTTP/2 GET https://localhost:44304/lib/jquery/dist/jquery.min.js - - - 304 - application/javascript 15.5760ms
2025-04-03 20:19:13.415 +05:30 [INF] Request finished HTTP/2 GET https://localhost:44304/js/site.js?v=4q1jwFhaPaZgr8WAUSrux6hAuh0XDg9kPS3xIVq36I0 - - - 304 - application/javascript 15.4246ms
2025-04-03 20:23:05.596 +05:30 [INF] Request starting HTTP/2 GET https://localhost:44304/api/task - -
2025-04-03 20:23:05.609 +05:30 [INF] Executing endpoint 'ApiProjectTaskManagement.Controllers.TaskController.GetAllTasks (ApiProjectTaskManagement)'
2025-04-03 20:23:05.629 +05:30 [INF] Route matched with {action = "GetAllTasks", controller = "Task"}. Executing controller action with signature System.Threading.Tasks.Task`1[Microsoft.AspNetCore.Mvc.ActionResult`1[System.Collections.Generic.IEnumerable`1[ApiProjectTaskManagement.Models.TaskModel]]] GetAllTasks() on controller ApiProjectTaskManagement.Controllers.TaskController (ApiProjectTaskManagement).
2025-04-03 20:23:10.513 +05:30 [INF] Entity Framework Core 5.0.17 initialized 'ApplicationDbContext' using provider 'Microsoft.EntityFrameworkCore.SqlServer' with options: None
2025-04-03 20:23:13.330 +05:30 [INF] Executed DbCommand (60ms) [Parameters=[], CommandType='"Text"', CommandTimeout='30']
SELECT [t].[Id], [t].[Description], [t].[IsCompleted], [t].[Title]
FROM [Tasks] AS [t]
2025-04-03 20:23:13.404 +05:30 [INF] Executing OkObjectResult, writing value of type 'System.Collections.Generic.List`1[[ApiProjectTaskManagement.Models.TaskModel, ApiProjectTaskManagement, Version=1.0.0.0, Culture=neutral, PublicKeyToken=null]]'.
2025-04-03 20:23:17.831 +05:30 [INF] Executed action ApiProjectTaskManagement.Controllers.TaskController.GetAllTasks (ApiProjectTaskManagement) in 12201.4706ms
2025-04-03 20:23:17.831 +05:30 [INF] Executed endpoint 'ApiProjectTaskManagement.Controllers.TaskController.GetAllTasks (ApiProjectTaskManagement)'
2025-04-03 20:23:17.835 +05:30 [INF] Request finished HTTP/2 GET https://localhost:44304/api/task - - - 200 - application/json;+charset=utf-8 12239.4827ms
2025-04-03 20:23:28.319 +05:30 [INF] Request starting HTTP/2 GET https://localhost:44304/api/task/1 - -
2025-04-03 20:23:28.320 +05:30 [INF] Executing endpoint 'ApiProjectTaskManagement.Controllers.TaskController.GetTaskById (ApiProjectTaskManagement)'
2025-04-03 20:23:28.337 +05:30 [INF] Route matched with {action = "GetTaskById", controller = "Task"}. Executing controller action with signature System.Threading.Tasks.Task`1[Microsoft.AspNetCore.Mvc.ActionResult`1[ApiProjectTaskManagement.Models.TaskModel]] GetTaskById(Int32) on controller ApiProjectTaskManagement.Controllers.TaskController (ApiProjectTaskManagement).
2025-04-03 20:23:28.379 +05:30 [INF] Entity Framework Core 5.0.17 initialized 'ApplicationDbContext' using provider 'Microsoft.EntityFrameworkCore.SqlServer' with options: None
2025-04-03 20:23:28.482 +05:30 [INF] Executed DbCommand (19ms) [Parameters=[@__p_0='?' (DbType = Int32)], CommandType='"Text"', CommandTimeout='30']
SELECT TOP(1) [t].[Id], [t].[Description], [t].[IsCompleted], [t].[Title]
FROM [Tasks] AS [t]
WHERE [t].[Id] = @__p_0
2025-04-03 20:23:28.485 +05:30 [INF] Executing NotFoundObjectResult, writing value of type '<>f__AnonymousType1`1[[System.String, System.Private.CoreLib, Version=5.0.0.0, Culture=neutral, PublicKeyToken=7cec85d7bea7798e]]'.
2025-04-03 20:23:28.486 +05:30 [INF] Executed action ApiProjectTaskManagement.Controllers.TaskController.GetTaskById (ApiProjectTaskManagement) in 148.8544ms
2025-04-03 20:23:28.486 +05:30 [INF] Executed endpoint 'ApiProjectTaskManagement.Controllers.TaskController.GetTaskById (ApiProjectTaskManagement)'
2025-04-03 20:23:28.487 +05:30 [INF] Request finished HTTP/2 GET https://localhost:44304/api/task/1 - - - 404 - application/json;+charset=utf-8 168.0289ms
2025-04-03 20:25:34.959 +05:30 [INF] Request starting HTTP/2 GET https://localhost:44304//swagger - -
2025-04-03 20:25:34.965 +05:30 [INF] Request finished HTTP/2 GET https://localhost:44304//swagger - - - 404 - - 6.1412ms
2025-04-03 20:25:44.353 +05:30 [INF] Request starting HTTP/2 GET https://localhost:44304//swagger - -
2025-04-03 20:25:44.355 +05:30 [INF] Request finished HTTP/2 GET https://localhost:44304//swagger - - - 404 - - 1.8717ms
2025-04-03 20:25:53.238 +05:30 [INF] Request starting HTTP/2 GET https://localhost:44304/swagger - -
2025-04-03 20:25:53.239 +05:30 [INF] Request finished HTTP/2 GET https://localhost:44304/swagger - - - 404 - - 0.9203ms
2025-04-03 20:25:56.070 +05:30 [INF] Request starting HTTP/2 GET https://localhost:44304/swagger - -
2025-04-03 20:25:56.071 +05:30 [INF] Request finished HTTP/2 GET https://localhost:44304/swagger - - - 404 - - 1.2642ms
2025-04-03 20:30:55.328 +05:30 [INF] User profile is available. Using 'C:\Users\PROGRAMMER2\AppData\Local\ASP.NET\DataProtection-Keys' as key repository and Windows DPAPI to encrypt keys at rest.
2025-04-03 20:30:55.925 +05:30 [INF] Application started. Press Ctrl+C to shut down.
2025-04-03 20:30:55.927 +05:30 [INF] Hosting environment: Development
2025-04-03 20:30:55.929 +05:30 [INF] Content root path: D:\ApiProjectTaskManagement\ApiProjectTaskManagement
2025-04-03 20:30:55.943 +05:30 [INF] Request starting HTTP/2 GET https://localhost:44304/ - -
2025-04-03 20:30:55.969 +05:30 [INF] Executing endpoint 'ApiProjectTaskManagement.Controllers.HomeController.Index (ApiProjectTaskManagement)'
2025-04-03 20:30:55.991 +05:30 [INF] Route matched with {action = "Index", controller = "Home"}. Executing controller action with signature Microsoft.AspNetCore.Mvc.IActionResult Index() on controller ApiProjectTaskManagement.Controllers.HomeController (ApiProjectTaskManagement).
2025-04-03 20:30:56.008 +05:30 [INF] Executing ViewResult, running view Index.
2025-04-03 20:30:56.123 +05:30 [INF] Executed ViewResult - view Index executed in 118.0145ms.
2025-04-03 20:30:56.126 +05:30 [INF] Executed action ApiProjectTaskManagement.Controllers.HomeController.Index (ApiProjectTaskManagement) in 134.5741ms
2025-04-03 20:30:56.127 +05:30 [INF] Executed endpoint 'ApiProjectTaskManagement.Controllers.HomeController.Index (ApiProjectTaskManagement)'
2025-04-03 20:30:56.137 +05:30 [INF] Request finished HTTP/2 GET https://localhost:44304/ - - - 200 - text/html;+charset=utf-8 197.0156ms
2025-04-03 20:31:23.502 +05:30 [INF] Request starting HTTP/2 GET https://localhost:44304/swagger - -
2025-04-03 20:31:23.536 +05:30 [INF] Request finished HTTP/2 GET https://localhost:44304/swagger - - - 301 - - 34.0245ms
2025-04-03 20:31:23.539 +05:30 [INF] Request starting HTTP/2 GET https://localhost:44304/swagger/index.html - -
2025-04-03 20:31:23.608 +05:30 [INF] Request finished HTTP/2 GET https://localhost:44304/swagger/index.html - - - 200 - text/html;charset=utf-8 68.6610ms
2025-04-03 20:31:23.609 +05:30 [INF] Request starting HTTP/2 GET https://localhost:44304/swagger/swagger-ui-standalone-preset.js - -
2025-04-03 20:31:23.609 +05:30 [INF] Request starting HTTP/2 GET https://localhost:44304/swagger/swagger-ui-bundle.js - -
2025-04-03 20:31:23.609 +05:30 [INF] Request starting HTTP/2 GET https://localhost:44304/swagger/swagger-ui.css - -
2025-04-03 20:31:23.643 +05:30 [INF] Sending file. Request path: '/swagger-ui-bundle.js'. Physical path: 'N/A'
2025-04-03 20:31:23.643 +05:30 [INF] Sending file. Request path: '/swagger-ui-standalone-preset.js'. Physical path: 'N/A'
2025-04-03 20:31:23.643 +05:30 [INF] Sending file. Request path: '/swagger-ui.css'. Physical path: 'N/A'
2025-04-03 20:31:23.648 +05:30 [INF] Request finished HTTP/2 GET https://localhost:44304/swagger/swagger-ui.css - - - 200 152034 text/css 38.5566ms
2025-04-03 20:31:23.652 +05:30 [INF] Request finished HTTP/2 GET https://localhost:44304/swagger/swagger-ui-standalone-preset.js - - - 200 230280 application/javascript 42.1302ms
2025-04-03 20:31:23.687 +05:30 [INF] Request finished HTTP/2 GET https://localhost:44304/swagger/swagger-ui-bundle.js - - - 200 1456682 application/javascript 77.4676ms
2025-04-03 20:31:23.821 +05:30 [INF] Request starting HTTP/2 GET https://localhost:44304/swagger/v1/swagger.json - -
2025-04-03 20:31:23.842 +05:30 [INF] Request starting HTTP/2 GET https://localhost:44304/swagger/favicon-32x32.png - -
2025-04-03 20:31:23.843 +05:30 [INF] Sending file. Request path: '/favicon-32x32.png'. Physical path: 'N/A'
2025-04-03 20:31:23.843 +05:30 [INF] Request finished HTTP/2 GET https://localhost:44304/swagger/favicon-32x32.png - - - 200 628 image/png 1.4388ms
2025-04-03 20:31:23.906 +05:30 [INF] Request finished HTTP/2 GET https://localhost:44304/swagger/v1/swagger.json - - - 200 - application/json;charset=utf-8 85.2024ms
2025-04-03 20:33:04.886 +05:30 [INF] Request starting HTTP/2 GET https://localhost:44304/api/Task - -
2025-04-03 20:33:04.889 +05:30 [INF] Executing endpoint 'ApiProjectTaskManagement.Controllers.TaskController.GetAllTasks (ApiProjectTaskManagement)'
2025-04-03 20:33:04.903 +05:30 [INF] Route matched with {action = "GetAllTasks", controller = "Task"}. Executing controller action with signature System.Threading.Tasks.Task`1[Microsoft.AspNetCore.Mvc.ActionResult`1[System.Collections.Generic.IEnumerable`1[ApiProjectTaskManagement.Models.TaskModel]]] GetAllTasks() on controller ApiProjectTaskManagement.Controllers.TaskController (ApiProjectTaskManagement).
2025-04-03 20:33:09.203 +05:30 [INF] Entity Framework Core 5.0.17 initialized 'ApplicationDbContext' using provider 'Microsoft.EntityFrameworkCore.SqlServer' with options: None
2025-04-03 20:33:11.049 +05:30 [INF] Executed DbCommand (29ms) [Parameters=[], CommandType='"Text"', CommandTimeout='30']
SELECT [t].[Id], [t].[Description], [t].[IsCompleted], [t].[Title]
FROM [Tasks] AS [t]
2025-04-03 20:33:11.123 +05:30 [INF] Executing OkObjectResult, writing value of type 'System.Collections.Generic.List`1[[ApiProjectTaskManagement.Models.TaskModel, ApiProjectTaskManagement, Version=1.0.0.0, Culture=neutral, PublicKeyToken=null]]'.
2025-04-03 20:33:14.968 +05:30 [INF] Executed action ApiProjectTaskManagement.Controllers.TaskController.GetAllTasks (ApiProjectTaskManagement) in 10064.1195ms
2025-04-03 20:33:14.968 +05:30 [INF] Executed endpoint 'ApiProjectTaskManagement.Controllers.TaskController.GetAllTasks (ApiProjectTaskManagement)'
2025-04-03 20:33:14.971 +05:30 [INF] Request finished HTTP/2 GET https://localhost:44304/api/Task - - - 200 - application/json;+charset=utf-8 10086.0452ms
2025-04-03 20:33:36.840 +05:30 [INF] Request starting HTTP/2 POST https://localhost:44304/api/Task application/json 84
2025-04-03 20:33:36.841 +05:30 [INF] Executing endpoint 'ApiProjectTaskManagement.Controllers.TaskController.AddTask (ApiProjectTaskManagement)'
2025-04-03 20:33:36.858 +05:30 [INF] Route matched with {action = "AddTask", controller = "Task"}. Executing controller action with signature System.Threading.Tasks.Task`1[Microsoft.AspNetCore.Mvc.ActionResult`1[ApiProjectTaskManagement.Models.TaskModel]] AddTask(ApiProjectTaskManagement.Models.TaskModel) on controller ApiProjectTaskManagement.Controllers.TaskController (ApiProjectTaskManagement).
2025-04-03 20:33:39.106 +05:30 [INF] Entity Framework Core 5.0.17 initialized 'ApplicationDbContext' using provider 'Microsoft.EntityFrameworkCore.SqlServer' with options: None
2025-04-03 20:33:39.228 +05:30 [INF] Executed DbCommand (16ms) [Parameters=[@p0='?' (Size = 4000), @p1='?' (DbType = Boolean), @p2='?' (Size = 100)], CommandType='"Text"', CommandTimeout='30']
SET NOCOUNT ON;
INSERT INTO [Tasks] ([Description], [IsCompleted], [Title])
VALUES (@p0, @p1, @p2);
SELECT [Id]
FROM [Tasks]
WHERE @@ROWCOUNT = 1 AND [Id] = scope_identity();
2025-04-03 20:33:40.552 +05:30 [INF] Executing CreatedAtActionResult, writing value of type 'ApiProjectTaskManagement.Models.TaskModel'.
2025-04-03 20:33:41.442 +05:30 [INF] Executed action ApiProjectTaskManagement.Controllers.TaskController.AddTask (ApiProjectTaskManagement) in 4584.0212ms
2025-04-03 20:33:41.442 +05:30 [INF] Executed endpoint 'ApiProjectTaskManagement.Controllers.TaskController.AddTask (ApiProjectTaskManagement)'
2025-04-03 20:33:41.443 +05:30 [INF] Request finished HTTP/2 POST https://localhost:44304/api/Task application/json 84 - 201 - application/json;+charset=utf-8 4602.6469ms
2025-04-03 20:33:52.266 +05:30 [INF] Request starting HTTP/2 GET https://localhost:44304/api/Task - -
2025-04-03 20:33:52.267 +05:30 [INF] Executing endpoint 'ApiProjectTaskManagement.Controllers.TaskController.GetAllTasks (ApiProjectTaskManagement)'
2025-04-03 20:33:52.267 +05:30 [INF] Route matched with {action = "GetAllTasks", controller = "Task"}. Executing controller action with signature System.Threading.Tasks.Task`1[Microsoft.AspNetCore.Mvc.ActionResult`1[System.Collections.Generic.IEnumerable`1[ApiProjectTaskManagement.Models.TaskModel]]] GetAllTasks() on controller ApiProjectTaskManagement.Controllers.TaskController (ApiProjectTaskManagement).
2025-04-03 20:33:55.304 +05:30 [INF] Entity Framework Core 5.0.17 initialized 'ApplicationDbContext' using provider 'Microsoft.EntityFrameworkCore.SqlServer' with options: None
2025-04-03 20:33:55.308 +05:30 [INF] Executed DbCommand (2ms) [Parameters=[], CommandType='"Text"', CommandTimeout='30']
SELECT [t].[Id], [t].[Description], [t].[IsCompleted], [t].[Title]
FROM [Tasks] AS [t]
2025-04-03 20:33:55.308 +05:30 [INF] Executing OkObjectResult, writing value of type 'System.Collections.Generic.List`1[[ApiProjectTaskManagement.Models.TaskModel, ApiProjectTaskManagement, Version=1.0.0.0, Culture=neutral, PublicKeyToken=null]]'.
2025-04-03 20:34:40.203 +05:30 [INF] Executed action ApiProjectTaskManagement.Controllers.TaskController.GetAllTasks (ApiProjectTaskManagement) in 47935.8305ms
2025-04-03 20:34:40.205 +05:30 [INF] Executed endpoint 'ApiProjectTaskManagement.Controllers.TaskController.GetAllTasks (ApiProjectTaskManagement)'
2025-04-03 20:34:40.206 +05:30 [INF] Request finished HTTP/2 GET https://localhost:44304/api/Task - - - 200 - application/json;+charset=utf-8 47939.5075ms
2025-04-03 20:34:56.512 +05:30 [INF] Request starting HTTP/2 POST https://localhost:44304/api/Task application/json 84
2025-04-03 20:34:56.543 +05:30 [INF] Executing endpoint 'ApiProjectTaskManagement.Controllers.TaskController.AddTask (ApiProjectTaskManagement)'
2025-04-03 20:34:56.543 +05:30 [INF] Route matched with {action = "AddTask", controller = "Task"}. Executing controller action with signature System.Threading.Tasks.Task`1[Microsoft.AspNetCore.Mvc.ActionResult`1[ApiProjectTaskManagement.Models.TaskModel]] AddTask(ApiProjectTaskManagement.Models.TaskModel) on controller ApiProjectTaskManagement.Controllers.TaskController (ApiProjectTaskManagement).
2025-04-03 20:34:58.347 +05:30 [INF] Entity Framework Core 5.0.17 initialized 'ApplicationDbContext' using provider 'Microsoft.EntityFrameworkCore.SqlServer' with options: None
2025-04-03 20:34:58.376 +05:30 [ERR] Failed executing DbCommand (17ms) [Parameters=[@p0='?' (DbType = Int32), @p1='?' (Size = 4000), @p2='?' (DbType = Boolean), @p3='?' (Size = 100)], CommandType='"Text"', CommandTimeout='30']
SET NOCOUNT ON;
INSERT INTO [Tasks] ([Id], [Description], [IsCompleted], [Title])
VALUES (@p0, @p1, @p2, @p3);
2025-04-03 20:34:58.432 +05:30 [ERR] An exception occurred in the database while saving changes for context type 'ApiProjectTaskManagement.Data.ApplicationDbContext'.
Microsoft.EntityFrameworkCore.DbUpdateException: An error occurred while updating the entries. See the inner exception for details.
 ---> Microsoft.Data.SqlClient.SqlException (0x80131904): Cannot insert explicit value for identity column in table 'Tasks' when IDENTITY_INSERT is set to OFF.
   at Microsoft.Data.SqlClient.SqlCommand.<>c.<ExecuteDbDataReaderAsync>b__169_0(Task`1 result)
   at System.Threading.Tasks.ContinuationResultTaskFromResultTask`2.InnerInvoke()
   at System.Threading.Tasks.Task.<>c.<.cctor>b__277_0(Object obj)
   at System.Threading.ExecutionContext.RunInternal(ExecutionContext executionContext, ContextCallback callback, Object state)
--- End of stack trace from previous location ---
   at System.Threading.Tasks.Task.ExecuteWithThreadLocal(Task& currentTaskSlot, Thread threadPoolThread)
--- End of stack trace from previous location ---
   at Microsoft.EntityFrameworkCore.Storage.RelationalCommand.ExecuteReaderAsync(RelationalCommandParameterObject parameterObject, CancellationToken cancellationToken)
   at Microsoft.EntityFrameworkCore.Storage.RelationalCommand.ExecuteReaderAsync(RelationalCommandParameterObject parameterObject, CancellationToken cancellationToken)
   at Microsoft.EntityFrameworkCore.Update.ReaderModificationCommandBatch.ExecuteAsync(IRelationalConnection connection, CancellationToken cancellationToken)
ClientConnectionId:db240ae2-d7a0-4d35-a12b-552f03ec0dcc
Error Number:544,State:1,Class:16
   --- End of inner exception stack trace ---
   at Microsoft.EntityFrameworkCore.Update.ReaderModificationCommandBatch.ExecuteAsync(IRelationalConnection connection, CancellationToken cancellationToken)
   at Microsoft.EntityFrameworkCore.Update.Internal.BatchExecutor.ExecuteAsync(IEnumerable`1 commandBatches, IRelationalConnection connection, CancellationToken cancellationToken)
   at Microsoft.EntityFrameworkCore.Update.Internal.BatchExecutor.ExecuteAsync(IEnumerable`1 commandBatches, IRelationalConnection connection, CancellationToken cancellationToken)
   at Microsoft.EntityFrameworkCore.Update.Internal.BatchExecutor.ExecuteAsync(IEnumerable`1 commandBatches, IRelationalConnection connection, CancellationToken cancellationToken)
   at Microsoft.EntityFrameworkCore.ChangeTracking.Internal.StateManager.SaveChangesAsync(IList`1 entriesToSave, CancellationToken cancellationToken)
   at Microsoft.EntityFrameworkCore.ChangeTracking.Internal.StateManager.SaveChangesAsync(DbContext _, Boolean acceptAllChangesOnSuccess, CancellationToken cancellationToken)
   at Microsoft.EntityFrameworkCore.SqlServer.Storage.Internal.SqlServerExecutionStrategy.ExecuteAsync[TState,TResult](TState state, Func`4 operation, Func`4 verifySucceeded, CancellationToken cancellationToken)
   at Microsoft.EntityFrameworkCore.DbContext.SaveChangesAsync(Boolean acceptAllChangesOnSuccess, CancellationToken cancellationToken)
Microsoft.EntityFrameworkCore.DbUpdateException: An error occurred while updating the entries. See the inner exception for details.
 ---> Microsoft.Data.SqlClient.SqlException (0x80131904): Cannot insert explicit value for identity column in table 'Tasks' when IDENTITY_INSERT is set to OFF.
   at Microsoft.Data.SqlClient.SqlCommand.<>c.<ExecuteDbDataReaderAsync>b__169_0(Task`1 result)
   at System.Threading.Tasks.ContinuationResultTaskFromResultTask`2.InnerInvoke()
   at System.Threading.Tasks.Task.<>c.<.cctor>b__277_0(Object obj)
   at System.Threading.ExecutionContext.RunInternal(ExecutionContext executionContext, ContextCallback callback, Object state)
--- End of stack trace from previous location ---
   at System.Threading.Tasks.Task.ExecuteWithThreadLocal(Task& currentTaskSlot, Thread threadPoolThread)
--- End of stack trace from previous location ---
   at Microsoft.EntityFrameworkCore.Storage.RelationalCommand.ExecuteReaderAsync(RelationalCommandParameterObject parameterObject, CancellationToken cancellationToken)
   at Microsoft.EntityFrameworkCore.Storage.RelationalCommand.ExecuteReaderAsync(RelationalCommandParameterObject parameterObject, CancellationToken cancellationToken)
   at Microsoft.EntityFrameworkCore.Update.ReaderModificationCommandBatch.ExecuteAsync(IRelationalConnection connection, CancellationToken cancellationToken)
ClientConnectionId:db240ae2-d7a0-4d35-a12b-552f03ec0dcc
Error Number:544,State:1,Class:16
   --- End of inner exception stack trace ---
   at Microsoft.EntityFrameworkCore.Update.ReaderModificationCommandBatch.ExecuteAsync(IRelationalConnection connection, CancellationToken cancellationToken)
   at Microsoft.EntityFrameworkCore.Update.Internal.BatchExecutor.ExecuteAsync(IEnumerable`1 commandBatches, IRelationalConnection connection, CancellationToken cancellationToken)
   at Microsoft.EntityFrameworkCore.Update.Internal.BatchExecutor.ExecuteAsync(IEnumerable`1 commandBatches, IRelationalConnection connection, CancellationToken cancellationToken)
   at Microsoft.EntityFrameworkCore.Update.Internal.BatchExecutor.ExecuteAsync(IEnumerable`1 commandBatches, IRelationalConnection connection, CancellationToken cancellationToken)
   at Microsoft.EntityFrameworkCore.ChangeTracking.Internal.StateManager.SaveChangesAsync(IList`1 entriesToSave, CancellationToken cancellationToken)
   at Microsoft.EntityFrameworkCore.ChangeTracking.Internal.StateManager.SaveChangesAsync(DbContext _, Boolean acceptAllChangesOnSuccess, CancellationToken cancellationToken)
   at Microsoft.EntityFrameworkCore.SqlServer.Storage.Internal.SqlServerExecutionStrategy.ExecuteAsync[TState,TResult](TState state, Func`4 operation, Func`4 verifySucceeded, CancellationToken cancellationToken)
   at Microsoft.EntityFrameworkCore.DbContext.SaveChangesAsync(Boolean acceptAllChangesOnSuccess, CancellationToken cancellationToken)
2025-04-03 20:34:58.573 +05:30 [INF] Executing ObjectResult, writing value of type '<>f__AnonymousType0`2[[System.String, System.Private.CoreLib, Version=5.0.0.0, Culture=neutral, PublicKeyToken=7cec85d7bea7798e],[System.String, System.Private.CoreLib, Version=5.0.0.0, Culture=neutral, PublicKeyToken=7cec85d7bea7798e]]'.
2025-04-03 20:34:58.575 +05:30 [INF] Executed action ApiProjectTaskManagement.Controllers.TaskController.AddTask (ApiProjectTaskManagement) in 2031.8848ms
2025-04-03 20:34:58.575 +05:30 [INF] Executed endpoint 'ApiProjectTaskManagement.Controllers.TaskController.AddTask (ApiProjectTaskManagement)'
2025-04-03 20:34:58.576 +05:30 [INF] Request finished HTTP/2 POST https://localhost:44304/api/Task application/json 84 - 500 - application/json;+charset=utf-8 2064.1472ms
2025-04-03 20:35:22.149 +05:30 [INF] Request starting HTTP/2 POST https://localhost:44304/api/Task application/json 84
2025-04-03 20:35:22.150 +05:30 [INF] Executing endpoint 'ApiProjectTaskManagement.Controllers.TaskController.AddTask (ApiProjectTaskManagement)'
2025-04-03 20:35:22.150 +05:30 [INF] Route matched with {action = "AddTask", controller = "Task"}. Executing controller action with signature System.Threading.Tasks.Task`1[Microsoft.AspNetCore.Mvc.ActionResult`1[ApiProjectTaskManagement.Models.TaskModel]] AddTask(ApiProjectTaskManagement.Models.TaskModel) on controller ApiProjectTaskManagement.Controllers.TaskController (ApiProjectTaskManagement).
2025-04-03 20:35:24.661 +05:30 [INF] Entity Framework Core 5.0.17 initialized 'ApplicationDbContext' using provider 'Microsoft.EntityFrameworkCore.SqlServer' with options: None
2025-04-03 20:35:24.669 +05:30 [ERR] Failed executing DbCommand (6ms) [Parameters=[@p0='?' (DbType = Int32), @p1='?' (Size = 4000), @p2='?' (DbType = Boolean), @p3='?' (Size = 100)], CommandType='"Text"', CommandTimeout='30']
SET NOCOUNT ON;
INSERT INTO [Tasks] ([Id], [Description], [IsCompleted], [Title])
VALUES (@p0, @p1, @p2, @p3);
2025-04-03 20:35:24.682 +05:30 [ERR] An exception occurred in the database while saving changes for context type 'ApiProjectTaskManagement.Data.ApplicationDbContext'.
Microsoft.EntityFrameworkCore.DbUpdateException: An error occurred while updating the entries. See the inner exception for details.
 ---> Microsoft.Data.SqlClient.SqlException (0x80131904): Cannot insert explicit value for identity column in table 'Tasks' when IDENTITY_INSERT is set to OFF.
   at Microsoft.Data.SqlClient.SqlCommand.<>c.<ExecuteDbDataReaderAsync>b__169_0(Task`1 result)
   at System.Threading.Tasks.ContinuationResultTaskFromResultTask`2.InnerInvoke()
   at System.Threading.Tasks.Task.<>c.<.cctor>b__277_0(Object obj)
   at System.Threading.ExecutionContext.RunInternal(ExecutionContext executionContext, ContextCallback callback, Object state)
--- End of stack trace from previous location ---
   at System.Threading.Tasks.Task.ExecuteWithThreadLocal(Task& currentTaskSlot, Thread threadPoolThread)
--- End of stack trace from previous location ---
   at Microsoft.EntityFrameworkCore.Storage.RelationalCommand.ExecuteReaderAsync(RelationalCommandParameterObject parameterObject, CancellationToken cancellationToken)
   at Microsoft.EntityFrameworkCore.Storage.RelationalCommand.ExecuteReaderAsync(RelationalCommandParameterObject parameterObject, CancellationToken cancellationToken)
   at Microsoft.EntityFrameworkCore.Update.ReaderModificationCommandBatch.ExecuteAsync(IRelationalConnection connection, CancellationToken cancellationToken)
ClientConnectionId:db240ae2-d7a0-4d35-a12b-552f03ec0dcc
Error Number:544,State:1,Class:16
   --- End of inner exception stack trace ---
   at Microsoft.EntityFrameworkCore.Update.ReaderModificationCommandBatch.ExecuteAsync(IRelationalConnection connection, CancellationToken cancellationToken)
   at Microsoft.EntityFrameworkCore.Update.Internal.BatchExecutor.ExecuteAsync(IEnumerable`1 commandBatches, IRelationalConnection connection, CancellationToken cancellationToken)
   at Microsoft.EntityFrameworkCore.Update.Internal.BatchExecutor.ExecuteAsync(IEnumerable`1 commandBatches, IRelationalConnection connection, CancellationToken cancellationToken)
   at Microsoft.EntityFrameworkCore.Update.Internal.BatchExecutor.ExecuteAsync(IEnumerable`1 commandBatches, IRelationalConnection connection, CancellationToken cancellationToken)
   at Microsoft.EntityFrameworkCore.ChangeTracking.Internal.StateManager.SaveChangesAsync(IList`1 entriesToSave, CancellationToken cancellationToken)
   at Microsoft.EntityFrameworkCore.ChangeTracking.Internal.StateManager.SaveChangesAsync(DbContext _, Boolean acceptAllChangesOnSuccess, CancellationToken cancellationToken)
   at Microsoft.EntityFrameworkCore.SqlServer.Storage.Internal.SqlServerExecutionStrategy.ExecuteAsync[TState,TResult](TState state, Func`4 operation, Func`4 verifySucceeded, CancellationToken cancellationToken)
   at Microsoft.EntityFrameworkCore.DbContext.SaveChangesAsync(Boolean acceptAllChangesOnSuccess, CancellationToken cancellationToken)
Microsoft.EntityFrameworkCore.DbUpdateException: An error occurred while updating the entries. See the inner exception for details.
 ---> Microsoft.Data.SqlClient.SqlException (0x80131904): Cannot insert explicit value for identity column in table 'Tasks' when IDENTITY_INSERT is set to OFF.
   at Microsoft.Data.SqlClient.SqlCommand.<>c.<ExecuteDbDataReaderAsync>b__169_0(Task`1 result)
   at System.Threading.Tasks.ContinuationResultTaskFromResultTask`2.InnerInvoke()
   at System.Threading.Tasks.Task.<>c.<.cctor>b__277_0(Object obj)
   at System.Threading.ExecutionContext.RunInternal(ExecutionContext executionContext, ContextCallback callback, Object state)
--- End of stack trace from previous location ---
   at System.Threading.Tasks.Task.ExecuteWithThreadLocal(Task& currentTaskSlot, Thread threadPoolThread)
--- End of stack trace from previous location ---
   at Microsoft.EntityFrameworkCore.Storage.RelationalCommand.ExecuteReaderAsync(RelationalCommandParameterObject parameterObject, CancellationToken cancellationToken)
   at Microsoft.EntityFrameworkCore.Storage.RelationalCommand.ExecuteReaderAsync(RelationalCommandParameterObject parameterObject, CancellationToken cancellationToken)
   at Microsoft.EntityFrameworkCore.Update.ReaderModificationCommandBatch.ExecuteAsync(IRelationalConnection connection, CancellationToken cancellationToken)
ClientConnectionId:db240ae2-d7a0-4d35-a12b-552f03ec0dcc
Error Number:544,State:1,Class:16
   --- End of inner exception stack trace ---
   at Microsoft.EntityFrameworkCore.Update.ReaderModificationCommandBatch.ExecuteAsync(IRelationalConnection connection, CancellationToken cancellationToken)
   at Microsoft.EntityFrameworkCore.Update.Internal.BatchExecutor.ExecuteAsync(IEnumerable`1 commandBatches, IRelationalConnection connection, CancellationToken cancellationToken)
   at Microsoft.EntityFrameworkCore.Update.Internal.BatchExecutor.ExecuteAsync(IEnumerable`1 commandBatches, IRelationalConnection connection, CancellationToken cancellationToken)
   at Microsoft.EntityFrameworkCore.Update.Internal.BatchExecutor.ExecuteAsync(IEnumerable`1 commandBatches, IRelationalConnection connection, CancellationToken cancellationToken)
   at Microsoft.EntityFrameworkCore.ChangeTracking.Internal.StateManager.SaveChangesAsync(IList`1 entriesToSave, CancellationToken cancellationToken)
   at Microsoft.EntityFrameworkCore.ChangeTracking.Internal.StateManager.SaveChangesAsync(DbContext _, Boolean acceptAllChangesOnSuccess, CancellationToken cancellationToken)
   at Microsoft.EntityFrameworkCore.SqlServer.Storage.Internal.SqlServerExecutionStrategy.ExecuteAsync[TState,TResult](TState state, Func`4 operation, Func`4 verifySucceeded, CancellationToken cancellationToken)
   at Microsoft.EntityFrameworkCore.DbContext.SaveChangesAsync(Boolean acceptAllChangesOnSuccess, CancellationToken cancellationToken)
2025-04-03 20:35:24.797 +05:30 [INF] Executing ObjectResult, writing value of type '<>f__AnonymousType0`2[[System.String, System.Private.CoreLib, Version=5.0.0.0, Culture=neutral, PublicKeyToken=7cec85d7bea7798e],[System.String, System.Private.CoreLib, Version=5.0.0.0, Culture=neutral, PublicKeyToken=7cec85d7bea7798e]]'.
2025-04-03 20:35:24.797 +05:30 [INF] Executed action ApiProjectTaskManagement.Controllers.TaskController.AddTask (ApiProjectTaskManagement) in 2647.2622ms
2025-04-03 20:35:24.797 +05:30 [INF] Executed endpoint 'ApiProjectTaskManagement.Controllers.TaskController.AddTask (ApiProjectTaskManagement)'
2025-04-03 20:35:24.797 +05:30 [INF] Request finished HTTP/2 POST https://localhost:44304/api/Task application/json 84 - 500 - application/json;+charset=utf-8 2647.9172ms
2025-04-03 20:35:59.703 +05:30 [INF] Request starting HTTP/2 GET https://localhost:44304/api/Task/4 - -
2025-04-03 20:35:59.703 +05:30 [INF] Executing endpoint 'ApiProjectTaskManagement.Controllers.TaskController.GetTaskById (ApiProjectTaskManagement)'
2025-04-03 20:35:59.710 +05:30 [INF] Route matched with {action = "GetTaskById", controller = "Task"}. Executing controller action with signature System.Threading.Tasks.Task`1[Microsoft.AspNetCore.Mvc.ActionResult`1[ApiProjectTaskManagement.Models.TaskModel]] GetTaskById(Int32) on controller ApiProjectTaskManagement.Controllers.TaskController (ApiProjectTaskManagement).
2025-04-03 20:35:59.714 +05:30 [INF] Entity Framework Core 5.0.17 initialized 'ApplicationDbContext' using provider 'Microsoft.EntityFrameworkCore.SqlServer' with options: None
2025-04-03 20:35:59.797 +05:30 [INF] Executed DbCommand (2ms) [Parameters=[@__p_0='?' (DbType = Int32)], CommandType='"Text"', CommandTimeout='30']
SELECT TOP(1) [t].[Id], [t].[Description], [t].[IsCompleted], [t].[Title]
FROM [Tasks] AS [t]
WHERE [t].[Id] = @__p_0
2025-04-03 20:35:59.800 +05:30 [INF] Executing OkObjectResult, writing value of type 'ApiProjectTaskManagement.Models.TaskModel'.
2025-04-03 20:36:01.611 +05:30 [INF] Executed action ApiProjectTaskManagement.Controllers.TaskController.GetTaskById (ApiProjectTaskManagement) in 1901.3229ms
2025-04-03 20:36:01.613 +05:30 [INF] Executed endpoint 'ApiProjectTaskManagement.Controllers.TaskController.GetTaskById (ApiProjectTaskManagement)'
2025-04-03 20:36:01.654 +05:30 [INF] Request finished HTTP/2 GET https://localhost:44304/api/Task/4 - - - 200 - application/json;+charset=utf-8 1951.7092ms
2025-04-03 20:36:11.747 +05:30 [INF] Request starting HTTP/2 GET https://localhost:44304/api/Task/41 - -
2025-04-03 20:36:11.747 +05:30 [INF] Executing endpoint 'ApiProjectTaskManagement.Controllers.TaskController.GetTaskById (ApiProjectTaskManagement)'
2025-04-03 20:36:11.747 +05:30 [INF] Route matched with {action = "GetTaskById", controller = "Task"}. Executing controller action with signature System.Threading.Tasks.Task`1[Microsoft.AspNetCore.Mvc.ActionResult`1[ApiProjectTaskManagement.Models.TaskModel]] GetTaskById(Int32) on controller ApiProjectTaskManagement.Controllers.TaskController (ApiProjectTaskManagement).
2025-04-03 20:36:11.748 +05:30 [INF] Entity Framework Core 5.0.17 initialized 'ApplicationDbContext' using provider 'Microsoft.EntityFrameworkCore.SqlServer' with options: None
2025-04-03 20:36:11.752 +05:30 [INF] Executed DbCommand (1ms) [Parameters=[@__p_0='?' (DbType = Int32)], CommandType='"Text"', CommandTimeout='30']
SELECT TOP(1) [t].[Id], [t].[Description], [t].[IsCompleted], [t].[Title]
FROM [Tasks] AS [t]
WHERE [t].[Id] = @__p_0
2025-04-03 20:36:11.753 +05:30 [INF] Executing NotFoundObjectResult, writing value of type '<>f__AnonymousType1`1[[System.String, System.Private.CoreLib, Version=5.0.0.0, Culture=neutral, PublicKeyToken=7cec85d7bea7798e]]'.
2025-04-03 20:36:11.754 +05:30 [INF] Executed action ApiProjectTaskManagement.Controllers.TaskController.GetTaskById (ApiProjectTaskManagement) in 6.3448ms
2025-04-03 20:36:11.754 +05:30 [INF] Executed endpoint 'ApiProjectTaskManagement.Controllers.TaskController.GetTaskById (ApiProjectTaskManagement)'
2025-04-03 20:36:11.754 +05:30 [INF] Request finished HTTP/2 GET https://localhost:44304/api/Task/41 - - - 404 - application/json;+charset=utf-8 6.9695ms
2025-04-03 20:36:32.803 +05:30 [INF] Request starting HTTP/2 PUT https://localhost:44304/api/Task/5 application/json 84
2025-04-03 20:36:32.803 +05:30 [INF] Executing endpoint 'ApiProjectTaskManagement.Controllers.TaskController.UpdateTask (ApiProjectTaskManagement)'
2025-04-03 20:36:32.807 +05:30 [INF] Route matched with {action = "UpdateTask", controller = "Task"}. Executing controller action with signature System.Threading.Tasks.Task`1[Microsoft.AspNetCore.Mvc.IActionResult] UpdateTask(Int32, ApiProjectTaskManagement.Models.TaskModel) on controller ApiProjectTaskManagement.Controllers.TaskController (ApiProjectTaskManagement).
2025-04-03 20:36:35.742 +05:30 [INF] Executing BadRequestObjectResult, writing value of type '<>f__AnonymousType1`1[[System.String, System.Private.CoreLib, Version=5.0.0.0, Culture=neutral, PublicKeyToken=7cec85d7bea7798e]]'.
2025-04-03 20:36:35.743 +05:30 [INF] Executed action ApiProjectTaskManagement.Controllers.TaskController.UpdateTask (ApiProjectTaskManagement) in 2936.0654ms
2025-04-03 20:36:35.743 +05:30 [INF] Executed endpoint 'ApiProjectTaskManagement.Controllers.TaskController.UpdateTask (ApiProjectTaskManagement)'
2025-04-03 20:36:35.749 +05:30 [INF] Request finished HTTP/2 PUT https://localhost:44304/api/Task/5 application/json 84 - 400 - application/json;+charset=utf-8 2945.3938ms
2025-04-03 20:36:49.222 +05:30 [INF] Request starting HTTP/2 PUT https://localhost:44304/api/Task/4 application/json 86
2025-04-03 20:36:49.222 +05:30 [INF] Executing endpoint 'ApiProjectTaskManagement.Controllers.TaskController.UpdateTask (ApiProjectTaskManagement)'
2025-04-03 20:36:49.222 +05:30 [INF] Route matched with {action = "UpdateTask", controller = "Task"}. Executing controller action with signature System.Threading.Tasks.Task`1[Microsoft.AspNetCore.Mvc.IActionResult] UpdateTask(Int32, ApiProjectTaskManagement.Models.TaskModel) on controller ApiProjectTaskManagement.Controllers.TaskController (ApiProjectTaskManagement).
2025-04-03 20:36:52.557 +05:30 [INF] Executing BadRequestObjectResult, writing value of type '<>f__AnonymousType1`1[[System.String, System.Private.CoreLib, Version=5.0.0.0, Culture=neutral, PublicKeyToken=7cec85d7bea7798e]]'.
2025-04-03 20:36:52.558 +05:30 [INF] Executed action ApiProjectTaskManagement.Controllers.TaskController.UpdateTask (ApiProjectTaskManagement) in 3335.6059ms
2025-04-03 20:36:52.558 +05:30 [INF] Executed endpoint 'ApiProjectTaskManagement.Controllers.TaskController.UpdateTask (ApiProjectTaskManagement)'
2025-04-03 20:36:52.558 +05:30 [INF] Request finished HTTP/2 PUT https://localhost:44304/api/Task/4 application/json 86 - 400 - application/json;+charset=utf-8 3336.4422ms
2025-04-03 20:37:05.960 +05:30 [INF] Request starting HTTP/2 PUT https://localhost:44304/api/Task/4 application/json 86
2025-04-03 20:37:05.960 +05:30 [INF] Executing endpoint 'ApiProjectTaskManagement.Controllers.TaskController.UpdateTask (ApiProjectTaskManagement)'
2025-04-03 20:37:05.960 +05:30 [INF] Route matched with {action = "UpdateTask", controller = "Task"}. Executing controller action with signature System.Threading.Tasks.Task`1[Microsoft.AspNetCore.Mvc.IActionResult] UpdateTask(Int32, ApiProjectTaskManagement.Models.TaskModel) on controller ApiProjectTaskManagement.Controllers.TaskController (ApiProjectTaskManagement).
2025-04-03 20:37:09.023 +05:30 [INF] Executing BadRequestObjectResult, writing value of type '<>f__AnonymousType1`1[[System.String, System.Private.CoreLib, Version=5.0.0.0, Culture=neutral, PublicKeyToken=7cec85d7bea7798e]]'.
2025-04-03 20:37:09.023 +05:30 [INF] Executed action ApiProjectTaskManagement.Controllers.TaskController.UpdateTask (ApiProjectTaskManagement) in 3062.6951ms
2025-04-03 20:37:09.023 +05:30 [INF] Executed endpoint 'ApiProjectTaskManagement.Controllers.TaskController.UpdateTask (ApiProjectTaskManagement)'
2025-04-03 20:37:09.023 +05:30 [INF] Request finished HTTP/2 PUT https://localhost:44304/api/Task/4 application/json 86 - 400 - application/json;+charset=utf-8 3063.5650ms
2025-04-03 20:38:15.867 +05:30 [INF] Request starting HTTP/2 GET https://localhost:44304/api/Task - -
2025-04-03 20:38:15.867 +05:30 [INF] Executing endpoint 'ApiProjectTaskManagement.Controllers.TaskController.GetAllTasks (ApiProjectTaskManagement)'
2025-04-03 20:38:15.867 +05:30 [INF] Route matched with {action = "GetAllTasks", controller = "Task"}. Executing controller action with signature System.Threading.Tasks.Task`1[Microsoft.AspNetCore.Mvc.ActionResult`1[System.Collections.Generic.IEnumerable`1[ApiProjectTaskManagement.Models.TaskModel]]] GetAllTasks() on controller ApiProjectTaskManagement.Controllers.TaskController (ApiProjectTaskManagement).
2025-04-03 20:38:19.425 +05:30 [INF] Entity Framework Core 5.0.17 initialized 'ApplicationDbContext' using provider 'Microsoft.EntityFrameworkCore.SqlServer' with options: None
2025-04-03 20:38:19.428 +05:30 [INF] Executed DbCommand (1ms) [Parameters=[], CommandType='"Text"', CommandTimeout='30']
SELECT [t].[Id], [t].[Description], [t].[IsCompleted], [t].[Title]
FROM [Tasks] AS [t]
2025-04-03 20:38:19.430 +05:30 [INF] Executing OkObjectResult, writing value of type 'System.Collections.Generic.List`1[[ApiProjectTaskManagement.Models.TaskModel, ApiProjectTaskManagement, Version=1.0.0.0, Culture=neutral, PublicKeyToken=null]]'.
2025-04-03 20:38:23.133 +05:30 [INF] Executed action ApiProjectTaskManagement.Controllers.TaskController.GetAllTasks (ApiProjectTaskManagement) in 7265.4761ms
2025-04-03 20:38:23.135 +05:30 [INF] Executed endpoint 'ApiProjectTaskManagement.Controllers.TaskController.GetAllTasks (ApiProjectTaskManagement)'
2025-04-03 20:38:23.142 +05:30 [INF] Request finished HTTP/2 GET https://localhost:44304/api/Task - - - 200 - application/json;+charset=utf-8 7269.3852ms
2025-04-03 20:38:31.841 +05:30 [INF] Request starting HTTP/2 GET https://localhost:44304/swagger/index.html - -
2025-04-03 20:38:31.843 +05:30 [INF] Request finished HTTP/2 GET https://localhost:44304/swagger/index.html - - - 200 - text/html;charset=utf-8 1.6767ms
2025-04-03 20:38:32.016 +05:30 [INF] Request starting HTTP/2 GET https://localhost:44304/swagger/v1/swagger.json - -
2025-04-03 20:38:32.025 +05:30 [INF] Request finished HTTP/2 GET https://localhost:44304/swagger/v1/swagger.json - - - 200 - application/json;charset=utf-8 6.7001ms
2025-04-03 20:38:45.851 +05:30 [INF] Request starting HTTP/2 GET https://localhost:44304/api/Task - -
2025-04-03 20:38:45.851 +05:30 [INF] Executing endpoint 'ApiProjectTaskManagement.Controllers.TaskController.GetAllTasks (ApiProjectTaskManagement)'
2025-04-03 20:38:45.852 +05:30 [INF] Route matched with {action = "GetAllTasks", controller = "Task"}. Executing controller action with signature System.Threading.Tasks.Task`1[Microsoft.AspNetCore.Mvc.ActionResult`1[System.Collections.Generic.IEnumerable`1[ApiProjectTaskManagement.Models.TaskModel]]] GetAllTasks() on controller ApiProjectTaskManagement.Controllers.TaskController (ApiProjectTaskManagement).
2025-04-03 20:38:49.202 +05:30 [INF] Entity Framework Core 5.0.17 initialized 'ApplicationDbContext' using provider 'Microsoft.EntityFrameworkCore.SqlServer' with options: None
2025-04-03 20:38:49.203 +05:30 [INF] Executed DbCommand (1ms) [Parameters=[], CommandType='"Text"', CommandTimeout='30']
SELECT [t].[Id], [t].[Description], [t].[IsCompleted], [t].[Title]
FROM [Tasks] AS [t]
2025-04-03 20:38:49.204 +05:30 [INF] Executing OkObjectResult, writing value of type 'System.Collections.Generic.List`1[[ApiProjectTaskManagement.Models.TaskModel, ApiProjectTaskManagement, Version=1.0.0.0, Culture=neutral, PublicKeyToken=null]]'.
2025-04-03 20:38:52.446 +05:30 [INF] Executed action ApiProjectTaskManagement.Controllers.TaskController.GetAllTasks (ApiProjectTaskManagement) in 6593.9998ms
2025-04-03 20:38:52.446 +05:30 [INF] Executed endpoint 'ApiProjectTaskManagement.Controllers.TaskController.GetAllTasks (ApiProjectTaskManagement)'
2025-04-03 20:38:52.446 +05:30 [INF] Request finished HTTP/2 GET https://localhost:44304/api/Task - - - 200 - application/json;+charset=utf-8 6594.6990ms
2025-04-03 20:44:09.167 +05:30 [INF] User profile is available. Using 'C:\Users\PROGRAMMER2\AppData\Local\ASP.NET\DataProtection-Keys' as key repository and Windows DPAPI to encrypt keys at rest.
2025-04-03 20:44:09.427 +05:30 [INF] Application started. Press Ctrl+C to shut down.
2025-04-03 20:44:09.429 +05:30 [INF] Hosting environment: Development
2025-04-03 20:44:09.430 +05:30 [INF] Content root path: D:\ApiProjectTaskManagement\ApiProjectTaskManagement
2025-04-03 20:44:09.443 +05:30 [INF] Request starting HTTP/2 GET https://localhost:44304/ - -
2025-04-03 20:44:09.471 +05:30 [INF] Executing endpoint 'ApiProjectTaskManagement.Controllers.HomeController.Index (ApiProjectTaskManagement)'
2025-04-03 20:44:09.489 +05:30 [INF] Route matched with {action = "Index", controller = "Home"}. Executing controller action with signature Microsoft.AspNetCore.Mvc.IActionResult Index() on controller ApiProjectTaskManagement.Controllers.HomeController (ApiProjectTaskManagement).
2025-04-03 20:44:09.505 +05:30 [INF] Executing ViewResult, running view Index.
2025-04-03 20:44:09.604 +05:30 [INF] Executed ViewResult - view Index executed in 100.7737ms.
2025-04-03 20:44:09.607 +05:30 [INF] Executed action ApiProjectTaskManagement.Controllers.HomeController.Index (ApiProjectTaskManagement) in 117.3003ms
2025-04-03 20:44:09.608 +05:30 [INF] Executed endpoint 'ApiProjectTaskManagement.Controllers.HomeController.Index (ApiProjectTaskManagement)'
2025-04-03 20:44:09.618 +05:30 [INF] Request finished HTTP/2 GET https://localhost:44304/ - - - 200 - text/html;+charset=utf-8 176.3090ms
2025-04-03 20:44:15.492 +05:30 [INF] Request starting HTTP/2 GET https://localhost:44304/api/task - -
2025-04-03 20:44:15.494 +05:30 [INF] Executing endpoint 'ApiProjectTaskManagement.Controllers.TaskController.GetAllTasks (ApiProjectTaskManagement)'
2025-04-03 20:44:15.504 +05:30 [INF] Route matched with {action = "GetAllTasks", controller = "Task"}. Executing controller action with signature System.Threading.Tasks.Task`1[Microsoft.AspNetCore.Mvc.ActionResult`1[System.Collections.Generic.IEnumerable`1[ApiProjectTaskManagement.Models.TaskModel]]] GetAllTasks() on controller ApiProjectTaskManagement.Controllers.TaskController (ApiProjectTaskManagement).
2025-04-03 20:44:18.952 +05:30 [INF] Entity Framework Core 5.0.17 initialized 'ApplicationDbContext' using provider 'Microsoft.EntityFrameworkCore.SqlServer' with options: None
2025-04-03 20:44:19.406 +05:30 [INF] Executed DbCommand (30ms) [Parameters=[], CommandType='"Text"', CommandTimeout='30']
SELECT [t].[Id], [t].[Description], [t].[IsCompleted], [t].[Title]
FROM [Tasks] AS [t]
2025-04-03 20:44:19.478 +05:30 [INF] Executing OkObjectResult, writing value of type 'System.Collections.Generic.List`1[[ApiProjectTaskManagement.Models.TaskModel, ApiProjectTaskManagement, Version=1.0.0.0, Culture=neutral, PublicKeyToken=null]]'.
2025-04-03 20:44:21.900 +05:30 [INF] Executed action ApiProjectTaskManagement.Controllers.TaskController.GetAllTasks (ApiProjectTaskManagement) in 6394.8653ms
2025-04-03 20:44:21.900 +05:30 [INF] Executed endpoint 'ApiProjectTaskManagement.Controllers.TaskController.GetAllTasks (ApiProjectTaskManagement)'
2025-04-03 20:44:21.906 +05:30 [INF] Request finished HTTP/2 GET https://localhost:44304/api/task - - - 200 - application/json;+charset=utf-8 6414.3654ms
2025-04-03 20:44:28.183 +05:30 [INF] Request starting HTTP/2 GET https://localhost:44304/api/task/10 - -
2025-04-03 20:44:28.183 +05:30 [INF] Executing endpoint 'ApiProjectTaskManagement.Controllers.TaskController.GetTaskById (ApiProjectTaskManagement)'
2025-04-03 20:44:28.195 +05:30 [INF] Route matched with {action = "GetTaskById", controller = "Task"}. Executing controller action with signature System.Threading.Tasks.Task`1[Microsoft.AspNetCore.Mvc.ActionResult`1[ApiProjectTaskManagement.Models.TaskModel]] GetTaskById(Int32) on controller ApiProjectTaskManagement.Controllers.TaskController (ApiProjectTaskManagement).
2025-04-03 20:44:28.229 +05:30 [INF] Entity Framework Core 5.0.17 initialized 'ApplicationDbContext' using provider 'Microsoft.EntityFrameworkCore.SqlServer' with options: None
2025-04-03 20:44:28.325 +05:30 [INF] Executed DbCommand (19ms) [Parameters=[@__p_0='?' (DbType = Int32)], CommandType='"Text"', CommandTimeout='30']
SELECT TOP(1) [t].[Id], [t].[Description], [t].[IsCompleted], [t].[Title]
FROM [Tasks] AS [t]
WHERE [t].[Id] = @__p_0
2025-04-03 20:44:28.329 +05:30 [INF] Executing NotFoundObjectResult, writing value of type '<>f__AnonymousType1`1[[System.String, System.Private.CoreLib, Version=5.0.0.0, Culture=neutral, PublicKeyToken=7cec85d7bea7798e]]'.
2025-04-03 20:44:28.330 +05:30 [INF] Executed action ApiProjectTaskManagement.Controllers.TaskController.GetTaskById (ApiProjectTaskManagement) in 135.2868ms
2025-04-03 20:44:28.330 +05:30 [INF] Executed endpoint 'ApiProjectTaskManagement.Controllers.TaskController.GetTaskById (ApiProjectTaskManagement)'
2025-04-03 20:44:28.331 +05:30 [INF] Request finished HTTP/2 GET https://localhost:44304/api/task/10 - - - 404 - application/json;+charset=utf-8 148.6108ms
